<?xml version="1.0" encoding="UTF-8"?>
<!-- Generated by org.testng.reporters.JUnitXMLReporter -->
<testsuite ignored="0" hostname="LAPTOP-DOBLN3AU" failures="0" tests="2" name="TestNGScript3" time="18.817" errors="0" timestamp="2022-03-01T16:02:20 IST">
  <testcase classname="com.qa.TestNGScripts.Day4.BeforeClassAnnoatation" name="TestWikiHomepage" time="7.976"/>
  <testcase classname="com.qa.TestNGScripts.Day4.BeforeClassAnnoatation" name="TestWikiLoginPage" time="1.952"/>
</testsuite> <!-- TestNGScript3 -->
