<?xml version="1.0" encoding="UTF-8"?>
<!-- Generated by org.testng.reporters.JUnitXMLReporter -->
<testsuite ignored="0" hostname="LAPTOP-DOBLN3AU" failures="0" tests="2" name="TestNGScript2" time="17.207" errors="0" timestamp="2022-03-01T16:02:18 IST">
  <testcase classname="com.qa.TestNGScripts.Day4.BeofreMethodAnnotation" name="TestWikiHomepage" time="7.191"/>
  <testcase classname="com.qa.TestNGScripts.Day4.BeofreMethodAnnotation" name="TestWikiLoginPage" time="1.581"/>
</testsuite> <!-- TestNGScript2 -->
