<?xml version="1.0" encoding="UTF-8"?>
<!-- Generated by org.testng.reporters.JUnitXMLReporter -->
<testsuite ignored="2" hostname="LAPTOP-DOBLN3AU" failures="0" tests="4" name="TestNgScripts1" time="0.078" errors="0" timestamp="01 Mar 2022 11:59:20 GMT">
  <testcase classname="com.qa.TestNGScripts.Day4.TestGroupDemo" name="testcase2" time="0.027"/>
  <testcase classname="com.qa.TestNGScripts.Day4.TestGroupDemo" name="testcase4" time="0.002"/>
  <testcase classname="com.qa.TestNGScripts.Day4.TestGroupDemo" name="testcase5" time="0.004"/>
  <testcase classname="com.qa.TestNGScripts.Day4.TestGroupDemo" name="testcase6" time="0.002"/>
  <testcase classname="com.qa.TestNGScripts.Day4.TestGroupDemo" name="testcase3" time="0.0">
    <ignored/>
  </testcase> <!-- testcase3 -->
  <testcase classname="com.qa.TestNGScripts.Day4.TestGroupDemo" name="testcase1" time="0.0">
    <ignored/>
  </testcase> <!-- testcase1 -->
</testsuite> <!-- TestNgScripts1 -->
