<?xml version="1.0" encoding="UTF-8"?>
<testsuite xmlns:xsi="http://www.w3.org/2001/XMLSchema-instance" xsi:noNamespaceSchemaLocation="https://maven.apache.org/surefire/maven-surefire-plugin/xsd/surefire-test-report.xsd" name="TestSuite" time="22.998" tests="6" errors="0" skipped="0" failures="0">
  <properties>
[...]
</properties>
  <testcase name="testcase2" classname="com.qa.TestNGScripts.Day4.TestGroupDemo" time="0.031"/>
  <testcase name="testcase4" classname="com.qa.TestNGScripts.Day4.TestGroupDemo" time="0.002"/>
  <testcase name="testcase5" classname="com.qa.TestNGScripts.Day4.TestGroupDemo" time="0.005"/>
  <testcase name="testcase6" classname="com.qa.TestNGScripts.Day4.TestGroupDemo" time="0.002"/>
  <testcase name="testcase" classname="com.qa.TestNGScripts.Day4.CrossBrowsertest" time="3.738"/>
  <testcase name="testcase" classname="com.qa.TestNGScripts.Day4.CrossBrowsertest" time="4.448"/>
</testsuite>