<?xml version="1.0" encoding="UTF-8"?>
<testng-results ignored="2" total="8" passed="6" failed="0" skipped="0">
  <reporter-output>
  </reporter-output>
  <suite started-at="2022-03-01T11:59:20Z" name="Suite1 (0)" finished-at="2022-03-01T11:59:41Z" duration-ms="20838">
    <groups>
    </groups>
    <test started-at="2022-03-01T11:59:20Z" name="TestNgScripts1" finished-at="2022-03-01T11:59:28Z" duration-ms="7724">
      <class name="com.qa.TestNGScripts.Day4.CrossBrowsertest">
        <test-method is-config="true" signature="openBrowser(java.lang.String)[pri:0, instance:com.qa.TestNGScripts.Day4.CrossBrowsertest@7fd7a283]" started-at="2022-03-01T11:59:20Z" name="openBrowser" finished-at="2022-03-01T11:59:24Z" duration-ms="3984" status="PASS">
          <params>
            <param index="0">
              <value>
                <![CDATA[chrome]]>
              </value>
            </param>
          </params>
          <reporter-output>
          </reporter-output>
        </test-method> <!-- openBrowser -->
        <test-method signature="testcase(java.lang.String, java.lang.String)[pri:0, instance:com.qa.TestNGScripts.Day4.CrossBrowsertest@7fd7a283]" started-at="2022-03-01T11:59:24Z" name="testcase" finished-at="2022-03-01T11:59:28Z" duration-ms="3738" status="PASS">
          <params>
            <param index="0">
              <value>
                <![CDATA[draggable]]>
              </value>
            </param>
            <param index="1">
              <value>
                <![CDATA[droppable]]>
              </value>
            </param>
          </params>
          <reporter-output>
          </reporter-output>
        </test-method> <!-- testcase -->
      </class> <!-- com.qa.TestNGScripts.Day4.CrossBrowsertest -->
    </test> <!-- TestNgScripts1 -->
    <test started-at="2022-03-01T11:59:28Z" name="TestNgScripts2" finished-at="2022-03-01T11:59:41Z" duration-ms="13108">
      <class name="com.qa.TestNGScripts.Day4.CrossBrowsertest">
        <test-method is-config="true" signature="openBrowser(java.lang.String)[pri:0, instance:com.qa.TestNGScripts.Day4.CrossBrowsertest@18317edc]" started-at="2022-03-01T11:59:28Z" name="openBrowser" finished-at="2022-03-01T11:59:36Z" duration-ms="8659" status="PASS">
          <params>
            <param index="0">
              <value>
                <![CDATA[Firefox]]>
              </value>
            </param>
          </params>
          <reporter-output>
          </reporter-output>
        </test-method> <!-- openBrowser -->
        <test-method signature="testcase(java.lang.String, java.lang.String)[pri:0, instance:com.qa.TestNGScripts.Day4.CrossBrowsertest@18317edc]" started-at="2022-03-01T11:59:36Z" name="testcase" finished-at="2022-03-01T11:59:41Z" duration-ms="4448" status="PASS">
          <params>
            <param index="0">
              <value>
                <![CDATA[draggable]]>
              </value>
            </param>
            <param index="1">
              <value>
                <![CDATA[droppable]]>
              </value>
            </param>
          </params>
          <reporter-output>
          </reporter-output>
        </test-method> <!-- testcase -->
      </class> <!-- com.qa.TestNGScripts.Day4.CrossBrowsertest -->
    </test> <!-- TestNgScripts2 -->
  </suite> <!-- Suite1 (0) -->
  <suite started-at="2022-03-01T11:59:20Z" name="Suite1" finished-at="2022-03-01T11:59:20Z" duration-ms="78">
    <groups>
      <group name="RegressionTesting">
        <method signature="TestGroupDemo.testcase4()[pri:49, instance:com.qa.TestNGScripts.Day4.TestGroupDemo@13d73f29]" name="testcase4" class="com.qa.TestNGScripts.Day4.TestGroupDemo"/>
        <method signature="TestGroupDemo.testcase5()[pri:50, instance:com.qa.TestNGScripts.Day4.TestGroupDemo@13d73f29]" name="testcase5" class="com.qa.TestNGScripts.Day4.TestGroupDemo"/>
        <method signature="TestGroupDemo.testcase6()[pri:51, instance:com.qa.TestNGScripts.Day4.TestGroupDemo@13d73f29]" name="testcase6" class="com.qa.TestNGScripts.Day4.TestGroupDemo"/>
      </group> <!-- RegressionTesting -->
      <group name="IntegrationTesting">
        <method signature="TestGroupDemo.testcase2()[pri:49, instance:com.qa.TestNGScripts.Day4.TestGroupDemo@13d73f29]" name="testcase2" class="com.qa.TestNGScripts.Day4.TestGroupDemo"/>
      </group> <!-- IntegrationTesting -->
    </groups>
    <test started-at="2022-03-01T11:59:20Z" name="TestNgScripts1" finished-at="2022-03-01T11:59:20Z" duration-ms="78">
      <class name="com.qa.TestNGScripts.Day4.TestGroupDemo">
        <test-method signature="testcase2()[pri:49, instance:com.qa.TestNGScripts.Day4.TestGroupDemo@13d73f29]" started-at="2022-03-01T11:59:20Z" name="testcase2" finished-at="2022-03-01T11:59:20Z" duration-ms="27" status="PASS">
          <reporter-output>
          </reporter-output>
        </test-method> <!-- testcase2 -->
        <test-method signature="testcase4()[pri:49, instance:com.qa.TestNGScripts.Day4.TestGroupDemo@13d73f29]" started-at="2022-03-01T11:59:20Z" name="testcase4" finished-at="2022-03-01T11:59:20Z" duration-ms="2" status="PASS">
          <reporter-output>
          </reporter-output>
        </test-method> <!-- testcase4 -->
        <test-method signature="testcase5()[pri:50, instance:com.qa.TestNGScripts.Day4.TestGroupDemo@13d73f29]" started-at="2022-03-01T11:59:20Z" name="testcase5" finished-at="2022-03-01T11:59:20Z" duration-ms="4" status="PASS">
          <reporter-output>
          </reporter-output>
        </test-method> <!-- testcase5 -->
        <test-method signature="testcase6()[pri:51, instance:com.qa.TestNGScripts.Day4.TestGroupDemo@13d73f29]" started-at="2022-03-01T11:59:20Z" name="testcase6" finished-at="2022-03-01T11:59:20Z" duration-ms="2" status="PASS">
          <reporter-output>
          </reporter-output>
        </test-method> <!-- testcase6 -->
      </class> <!-- com.qa.TestNGScripts.Day4.TestGroupDemo -->
    </test> <!-- TestNgScripts1 -->
  </suite> <!-- Suite1 -->
</testng-results>
